android/app/build/intermediates/manifest_merge_blame_file/debug/manifest-merger-blame-debug-report.txt
1<?xml version="1.0" encoding="utf-8"?>
2<manifest xmlns:android="http://schemas.android.com/apk/res/android"
3    package="com.advancedapps.ans"
4    android:versionCode="1"
5    android:versionName="1.0" >
6
7    <uses-sdk
8        android:minSdkVersion="16"
9        android:targetSdkVersion="29" />
10
11    <uses-permission android:name="android.permission.SYSTEM_ALERT_WINDOW" />
11-->src\debug\AndroidManifest.xml:5:5-77
11-->src\debug\AndroidManifest.xml:5:22-75
12    <uses-permission android:name="android.permission.INTERNET" />
12-->src\main\AndroidManifest.xml:4:5-67
12-->src\main\AndroidManifest.xml:4:22-64
13    <uses-permission android:name="android.permission.RECEIVE_BOOT_COMPLETED" />
13-->src\main\AndroidManifest.xml:5:5-81
13-->src\main\AndroidManifest.xml:5:22-78
14    <uses-permission android:name="android.permission.VIBRATE" />
14-->src\main\AndroidManifest.xml:6:5-66
14-->src\main\AndroidManifest.xml:6:22-63
15    <uses-permission android:name="android.permission.ACCESS_WIFI_STATE" />
15-->[com.facebook.flipper:flipper:0.54.0] AndroidManifest.xml:16:5-76
15-->[com.facebook.flipper:flipper:0.54.0] AndroidManifest.xml:16:22-73
16    <uses-permission android:name="android.permission.WAKE_LOCK" />
16-->[:react-native-firebase_auth] AndroidManifest.xml:12:5-68
16-->[:react-native-firebase_auth] AndroidManifest.xml:12:22-65
17    <uses-permission android:name="android.permission.ACCESS_NETWORK_STATE" />
17-->[:react-native-firebase_auth] AndroidManifest.xml:13:5-79
17-->[:react-native-firebase_auth] AndroidManifest.xml:13:22-76
18    <uses-permission android:name="android.hardware.location" />
18-->[:mauron85_react-native-background-geolocation] AndroidManifest.xml:29:5-65
18-->[:mauron85_react-native-background-geolocation] AndroidManifest.xml:29:22-62
19    <uses-permission android:name="android.permission.ACCESS_COARSE_LOCATION" />
19-->[:mauron85_react-native-background-geolocation] AndroidManifest.xml:33:5-81
19-->[:mauron85_react-native-background-geolocation] AndroidManifest.xml:33:22-78
20    <uses-permission android:name="android.permission.ACCESS_FINE_LOCATION" />
20-->[:mauron85_react-native-background-geolocation] AndroidManifest.xml:34:5-79
20-->[:mauron85_react-native-background-geolocation] AndroidManifest.xml:34:22-76
21    <uses-permission android:name="android.permission.ACCESS_LOCATION_EXTRA_COMMANDS" />
21-->[:mauron85_react-native-background-geolocation] AndroidManifest.xml:35:5-89
21-->[:mauron85_react-native-background-geolocation] AndroidManifest.xml:35:22-86
22    <uses-permission android:name="com.google.android.gms.permission.ACTIVITY_RECOGNITION" />
22-->[:mauron85_react-native-background-geolocation] AndroidManifest.xml:36:5-94
22-->[:mauron85_react-native-background-geolocation] AndroidManifest.xml:36:22-91
23    <uses-permission android:name="android.permission.READ_SYNC_SETTINGS" />
23-->[:mauron85_react-native-background-geolocation] AndroidManifest.xml:38:5-77
23-->[:mauron85_react-native-background-geolocation] AndroidManifest.xml:38:22-74
24    <uses-permission android:name="android.permission.WRITE_SYNC_SETTINGS" />
24-->[:mauron85_react-native-background-geolocation] AndroidManifest.xml:39:5-78
24-->[:mauron85_react-native-background-geolocation] AndroidManifest.xml:39:22-75
25    <uses-permission android:name="android.permission.AUTHENTICATE_ACCOUNTS" />
25-->[:mauron85_react-native-background-geolocation] AndroidManifest.xml:40:5-80
25-->[:mauron85_react-native-background-geolocation] AndroidManifest.xml:40:22-77
26    <uses-permission android:name="android.permission.FOREGROUND_SERVICE" /> <!-- Required by older versions of Google Play services to create IID tokens -->
26-->[:mauron85_react-native-background-geolocation] AndroidManifest.xml:41:5-77
26-->[:mauron85_react-native-background-geolocation] AndroidManifest.xml:41:22-74
27    <uses-permission android:name="com.google.android.c2dm.permission.RECEIVE" />
27-->[com.google.firebase:firebase-iid:21.0.1] AndroidManifest.xml:26:5-82
27-->[com.google.firebase:firebase-iid:21.0.1] AndroidManifest.xml:26:22-79
28    <uses-permission android:name="com.google.android.finsky.permission.BIND_GET_INSTALL_REFERRER_SERVICE" />
28-->[com.google.android.gms:play-services-measurement:18.0.0] AndroidManifest.xml:26:5-110
28-->[com.google.android.gms:play-services-measurement:18.0.0] AndroidManifest.xml:26:22-107
29
30    <application
30-->src\main\AndroidManifest.xml:8:5-58:19
31        android:name="com.advancedapps.ans.MainApplication"
31-->src\main\AndroidManifest.xml:9:7-38
32        android:allowBackup="false"
32-->src\main\AndroidManifest.xml:13:7-34
33        android:appComponentFactory="androidx.core.app.CoreComponentFactory"
33-->[androidx.core:core:1.1.0] AndroidManifest.xml:24:18-86
34        android:debuggable="true"
35        android:icon="@mipmap/ic_launcher"
35-->src\main\AndroidManifest.xml:11:7-41
36        android:label="@string/app_name"
36-->src\main\AndroidManifest.xml:10:7-39
37        android:roundIcon="@mipmap/ic_launcher_round"
37-->src\main\AndroidManifest.xml:12:7-52
38        android:theme="@style/AppTheme"
38-->src\main\AndroidManifest.xml:14:7-38
39        android:usesCleartextTraffic="true" >
39-->src\debug\AndroidManifest.xml:7:18-53
40        <activity
40-->src\main\AndroidManifest.xml:15:7-25:18
41            android:name="com.advancedapps.ans.MainActivity"
41-->src\main\AndroidManifest.xml:16:9-37
42            android:configChanges="keyboard|keyboardHidden|orientation|screenSize|uiMode"
42-->src\main\AndroidManifest.xml:18:9-86
43            android:label="@string/app_name"
43-->src\main\AndroidManifest.xml:17:9-41
44            android:launchMode="singleTask"
44-->src\main\AndroidManifest.xml:19:9-40
45            android:windowSoftInputMode="adjustResize" >
45-->src\main\AndroidManifest.xml:20:9-51
46            <intent-filter>
46-->src\main\AndroidManifest.xml:21:9-24:25
47                <action android:name="android.intent.action.MAIN" />
47-->src\main\AndroidManifest.xml:22:13-65
47-->src\main\AndroidManifest.xml:22:21-62
48
49                <category android:name="android.intent.category.LAUNCHER" />
49-->src\main\AndroidManifest.xml:23:13-73
49-->src\main\AndroidManifest.xml:23:23-70
50            </intent-filter>
51        </activity>
52        <activity android:name="com.facebook.react.devsupport.DevSettingsActivity" />
52-->src\main\AndroidManifest.xml:26:7-84
52-->src\main\AndroidManifest.xml:26:17-81
53
54        <receiver android:name="io.invertase.firebase.notifications.RNFirebaseNotificationReceiver" />
54-->src\main\AndroidManifest.xml:27:9-102
54-->src\main\AndroidManifest.xml:27:19-100
55        <receiver
55-->src\main\AndroidManifest.xml:28:13-38:24
56            android:name="io.invertase.firebase.notifications.RNFirebaseNotificationsRebootReceiver"
56-->src\main\AndroidManifest.xml:31:15-103
57            android:enabled="true"
57-->src\main\AndroidManifest.xml:29:15-37
58            android:exported="true" >
58-->src\main\AndroidManifest.xml:30:15-38
59            <intent-filter>
59-->src\main\AndroidManifest.xml:32:15-37:31
60                <action android:name="android.intent.action.BOOT_COMPLETED" />
60-->src\main\AndroidManifest.xml:33:17-78
60-->src\main\AndroidManifest.xml:33:25-76
61                <action android:name="android.intent.action.QUICKBOOT_POWERON" />
61-->src\main\AndroidManifest.xml:34:17-81
61-->src\main\AndroidManifest.xml:34:25-79
62                <action android:name="com.htc.intent.action.QUICKBOOT_POWERON" />
62-->src\main\AndroidManifest.xml:35:17-81
62-->src\main\AndroidManifest.xml:35:25-79
63
64                <category android:name="android.intent.category.DEFAULT" />
64-->src\main\AndroidManifest.xml:36:17-76
64-->src\main\AndroidManifest.xml:36:27-73
65            </intent-filter>
66        </receiver>
67        <receiver
67-->src\main\AndroidManifest.xml:39:13-43:24
68            android:name="io.invertase.firebase.notifications.RNFirebaseBackgroundNotificationActionReceiver"
68-->src\main\AndroidManifest.xml:39:23-120
69            android:exported="true" >
69-->src\main\AndroidManifest.xml:39:121-144
70            <intent-filter>
70-->src\main\AndroidManifest.xml:40:15-42:31
71                <action android:name="io.invertase.firebase.notifications.BackgroundAction" />
71-->src\main\AndroidManifest.xml:41:17-94
71-->src\main\AndroidManifest.xml:41:25-92
72            </intent-filter>
73        </receiver>
74
75        <service android:name="io.invertase.firebase.notifications.RNFirebaseBackgroundNotificationActionsService" /> <!-- Add this line for Message service -->
75-->src\main\AndroidManifest.xml:44:11-119
75-->src\main\AndroidManifest.xml:44:20-117
76        <service android:name="io.invertase.firebase.messaging.RNFirebaseMessagingService" >
76-->src\main\AndroidManifest.xml:47:11-51:21
76-->src\main\AndroidManifest.xml:47:20-93
77            <intent-filter>
77-->src\main\AndroidManifest.xml:48:13-50:29
78                <action android:name="com.google.firebase.MESSAGING_EVENT" />
78-->src\main\AndroidManifest.xml:49:15-76
78-->src\main\AndroidManifest.xml:49:23-73
79            </intent-filter>
80        </service> <!-- Add this line to enable backgound messaging services -->
81        <service android:name="io.invertase.firebase.messaging.RNFirebaseBackgroundMessagingService" />
81-->src\main\AndroidManifest.xml:54:5-99
81-->src\main\AndroidManifest.xml:54:14-97
82        <service android:name="io.invertase.firebase.messaging.ReactNativeFirebaseMessagingHeadlessService" />
82-->[:react-native-firebase_messaging] AndroidManifest.xml:16:9-111
82-->[:react-native-firebase_messaging] AndroidManifest.xml:16:18-108
83        <service
83-->[:react-native-firebase_messaging] AndroidManifest.xml:17:9-23:19
84            android:name="io.invertase.firebase.messaging.ReactNativeFirebaseMessagingService"
84-->[:react-native-firebase_messaging] AndroidManifest.xml:18:13-95
85            android:exported="false" >
85-->[:react-native-firebase_messaging] AndroidManifest.xml:19:13-37
86            <intent-filter>
86-->src\main\AndroidManifest.xml:48:13-50:29
87                <action android:name="com.google.firebase.MESSAGING_EVENT" />
87-->src\main\AndroidManifest.xml:49:15-76
87-->src\main\AndroidManifest.xml:49:23-73
88            </intent-filter>
89        </service>
90
91        <receiver
91-->[:react-native-firebase_messaging] AndroidManifest.xml:25:9-32:20
92            android:name="io.invertase.firebase.messaging.ReactNativeFirebaseMessagingReceiver"
92-->[:react-native-firebase_messaging] AndroidManifest.xml:26:13-96
93            android:exported="true"
93-->[:react-native-firebase_messaging] AndroidManifest.xml:27:13-36
94            android:permission="com.google.android.c2dm.permission.SEND" >
94-->[:react-native-firebase_messaging] AndroidManifest.xml:28:13-73
95            <intent-filter>
95-->[:react-native-firebase_messaging] AndroidManifest.xml:29:13-31:29
96                <action android:name="com.google.android.c2dm.intent.RECEIVE" />
96-->[:react-native-firebase_messaging] AndroidManifest.xml:30:17-81
96-->[:react-native-firebase_messaging] AndroidManifest.xml:30:25-78
97            </intent-filter>
98        </receiver>
99
100        <meta-data
100-->[:react-native-firebase_messaging] AndroidManifest.xml:34:9-36:36
101            android:name="firebase_messaging_auto_init_enabled"
101-->[:react-native-firebase_messaging] AndroidManifest.xml:35:13-64
102            android:value="true" />
102-->[:react-native-firebase_messaging] AndroidManifest.xml:36:13-33
103        <meta-data
103-->[:react-native-firebase_messaging] AndroidManifest.xml:37:9-39:32
104            android:name="com.google.firebase.messaging.default_notification_channel_id"
104-->[:react-native-firebase_messaging] AndroidManifest.xml:38:13-89
105            android:value="" />
105-->[:react-native-firebase_messaging] AndroidManifest.xml:39:13-29
106        <meta-data
106-->[:react-native-firebase_messaging] AndroidManifest.xml:40:9-42:47
107            android:name="com.google.firebase.messaging.default_notification_color"
107-->[:react-native-firebase_messaging] AndroidManifest.xml:41:13-84
108            android:resource="@color/white" />
108-->[:react-native-firebase_messaging] AndroidManifest.xml:42:13-44
109
110        <service
110-->[:mauron85_react-native-background-geolocation] AndroidManifest.xml:44:9-55:19
111            android:name="com.marianhello.bgloc.sync.SyncService"
111-->[:mauron85_react-native-background-geolocation] AndroidManifest.xml:45:13-66
112            android:exported="true"
112-->[:mauron85_react-native-background-geolocation] AndroidManifest.xml:46:13-36
113            android:process=":sync" >
113-->[:mauron85_react-native-background-geolocation] AndroidManifest.xml:47:13-36
114            <intent-filter>
114-->[:mauron85_react-native-background-geolocation] AndroidManifest.xml:48:13-50:29
115                <action android:name="android.content.SyncAdapter" />
115-->[:mauron85_react-native-background-geolocation] AndroidManifest.xml:49:17-70
115-->[:mauron85_react-native-background-geolocation] AndroidManifest.xml:49:25-67
116            </intent-filter>
117
118            <meta-data
118-->[:mauron85_react-native-background-geolocation] AndroidManifest.xml:52:13-54:55
119                android:name="android.content.SyncAdapter"
119-->[:mauron85_react-native-background-geolocation] AndroidManifest.xml:53:17-59
120                android:resource="@xml/syncadapter" />
120-->[:mauron85_react-native-background-geolocation] AndroidManifest.xml:54:17-52
121        </service>
122        <service android:name="com.marianhello.bgloc.sync.AuthenticatorService" >
122-->[:mauron85_react-native-background-geolocation] AndroidManifest.xml:56:9-64:19
122-->[:mauron85_react-native-background-geolocation] AndroidManifest.xml:56:18-80
123            <intent-filter>
123-->[:mauron85_react-native-background-geolocation] AndroidManifest.xml:57:13-59:29
124                <action android:name="android.accounts.AccountAuthenticator" />
124-->[:mauron85_react-native-background-geolocation] AndroidManifest.xml:58:17-80
124-->[:mauron85_react-native-background-geolocation] AndroidManifest.xml:58:25-77
125            </intent-filter>
126
127            <meta-data
127-->[:mauron85_react-native-background-geolocation] AndroidManifest.xml:61:13-63:57
128                android:name="android.accounts.AccountAuthenticator"
128-->[:mauron85_react-native-background-geolocation] AndroidManifest.xml:62:17-69
129                android:resource="@xml/authenticator" />
129-->[:mauron85_react-native-background-geolocation] AndroidManifest.xml:63:17-54
130        </service>
131
132        <provider
132-->[:mauron85_react-native-background-geolocation] AndroidManifest.xml:66:9-70:39
133            android:name="com.marianhello.bgloc.data.provider.LocationContentProvider"
133-->[:mauron85_react-native-background-geolocation] AndroidManifest.xml:67:13-87
134            android:authorities="@string/mauron85_bgloc_content_authority"
134-->[:mauron85_react-native-background-geolocation] AndroidManifest.xml:68:13-75
135            android:exported="false"
135-->[:mauron85_react-native-background-geolocation] AndroidManifest.xml:69:13-37
136            android:syncable="true" />
136-->[:mauron85_react-native-background-geolocation] AndroidManifest.xml:70:13-36
137
138        <service
138-->[:mauron85_react-native-background-geolocation] AndroidManifest.xml:72:9-75:40
139            android:name="com.marianhello.bgloc.service.LocationServiceImpl"
139-->[:mauron85_react-native-background-geolocation] AndroidManifest.xml:73:13-77
140            android:enabled="true"
140-->[:mauron85_react-native-background-geolocation] AndroidManifest.xml:74:13-35
141            android:exported="false" />
141-->[:mauron85_react-native-background-geolocation] AndroidManifest.xml:75:13-37
142        <service
142-->[:mauron85_react-native-background-geolocation] AndroidManifest.xml:76:9-79:40
143            android:name="com.marianhello.bgloc.react.headless.HeadlessService"
143-->[:mauron85_react-native-background-geolocation] AndroidManifest.xml:77:13-80
144            android:enabled="true"
144-->[:mauron85_react-native-background-geolocation] AndroidManifest.xml:78:13-35
145            android:exported="false" />
145-->[:mauron85_react-native-background-geolocation] AndroidManifest.xml:79:13-37
146
147        <receiver
147-->[:mauron85_react-native-background-geolocation] AndroidManifest.xml:81:9-88:20
148            android:name="com.marianhello.bgloc.BootCompletedReceiver"
148-->[:mauron85_react-native-background-geolocation] AndroidManifest.xml:82:13-71
149            android:enabled="true"
149-->[:mauron85_react-native-background-geolocation] AndroidManifest.xml:83:13-35
150            android:exported="true" >
150-->[:mauron85_react-native-background-geolocation] AndroidManifest.xml:84:13-36
151            <intent-filter>
151-->[:mauron85_react-native-background-geolocation] AndroidManifest.xml:85:13-87:29
152                <action android:name="android.intent.action.BOOT_COMPLETED" />
152-->src\main\AndroidManifest.xml:33:17-78
152-->src\main\AndroidManifest.xml:33:25-76
153            </intent-filter>
154        </receiver>
155
156        <activity
156-->[com.google.firebase:firebase-auth:20.0.1] AndroidManifest.xml:27:9-44:20
157            android:name="com.google.firebase.auth.internal.GenericIdpActivity"
157-->[com.google.firebase:firebase-auth:20.0.1] AndroidManifest.xml:28:13-80
158            android:excludeFromRecents="true"
158-->[com.google.firebase:firebase-auth:20.0.1] AndroidManifest.xml:29:13-46
159            android:exported="true"
159-->[com.google.firebase:firebase-auth:20.0.1] AndroidManifest.xml:30:13-36
160            android:launchMode="singleTask"
160-->[com.google.firebase:firebase-auth:20.0.1] AndroidManifest.xml:31:13-44
161            android:theme="@android:style/Theme.Translucent.NoTitleBar" >
161-->[com.google.firebase:firebase-auth:20.0.1] AndroidManifest.xml:32:13-72
162            <intent-filter>
162-->[com.google.firebase:firebase-auth:20.0.1] AndroidManifest.xml:33:13-43:29
163                <action android:name="android.intent.action.VIEW" />
163-->[com.google.firebase:firebase-auth:20.0.1] AndroidManifest.xml:34:17-69
163-->[com.google.firebase:firebase-auth:20.0.1] AndroidManifest.xml:34:25-66
164
165                <category android:name="android.intent.category.DEFAULT" />
165-->src\main\AndroidManifest.xml:36:17-76
165-->src\main\AndroidManifest.xml:36:27-73
166                <category android:name="android.intent.category.BROWSABLE" />
166-->[com.google.firebase:firebase-auth:20.0.1] AndroidManifest.xml:37:17-78
166-->[com.google.firebase:firebase-auth:20.0.1] AndroidManifest.xml:37:27-75
167
168                <data
168-->[com.google.firebase:firebase-auth:20.0.1] AndroidManifest.xml:39:17-42:51
169                    android:host="firebase.auth"
169-->[com.google.firebase:firebase-auth:20.0.1] AndroidManifest.xml:40:21-49
170                    android:path="/"
170-->[com.google.firebase:firebase-auth:20.0.1] AndroidManifest.xml:41:21-37
171                    android:scheme="genericidp" />
171-->[com.google.firebase:firebase-auth:20.0.1] AndroidManifest.xml:42:21-48
172            </intent-filter>
173        </activity>
174        <activity
174-->[com.google.firebase:firebase-auth:20.0.1] AndroidManifest.xml:45:9-62:20
175            android:name="com.google.firebase.auth.internal.RecaptchaActivity"
175-->[com.google.firebase:firebase-auth:20.0.1] AndroidManifest.xml:46:13-79
176            android:excludeFromRecents="true"
176-->[com.google.firebase:firebase-auth:20.0.1] AndroidManifest.xml:47:13-46
177            android:exported="true"
177-->[com.google.firebase:firebase-auth:20.0.1] AndroidManifest.xml:48:13-36
178            android:launchMode="singleTask"
178-->[com.google.firebase:firebase-auth:20.0.1] AndroidManifest.xml:49:13-44
179            android:theme="@android:style/Theme.Translucent.NoTitleBar" >
179-->[com.google.firebase:firebase-auth:20.0.1] AndroidManifest.xml:50:13-72
180            <intent-filter>
180-->[com.google.firebase:firebase-auth:20.0.1] AndroidManifest.xml:51:13-61:29
181                <action android:name="android.intent.action.VIEW" />
181-->[com.google.firebase:firebase-auth:20.0.1] AndroidManifest.xml:34:17-69
181-->[com.google.firebase:firebase-auth:20.0.1] AndroidManifest.xml:34:25-66
182
183                <category android:name="android.intent.category.DEFAULT" />
183-->src\main\AndroidManifest.xml:36:17-76
183-->src\main\AndroidManifest.xml:36:27-73
184                <category android:name="android.intent.category.BROWSABLE" />
184-->[com.google.firebase:firebase-auth:20.0.1] AndroidManifest.xml:37:17-78
184-->[com.google.firebase:firebase-auth:20.0.1] AndroidManifest.xml:37:27-75
185
186                <data
186-->[com.google.firebase:firebase-auth:20.0.1] AndroidManifest.xml:39:17-42:51
187                    android:host="firebase.auth"
187-->[com.google.firebase:firebase-auth:20.0.1] AndroidManifest.xml:40:21-49
188                    android:path="/"
188-->[com.google.firebase:firebase-auth:20.0.1] AndroidManifest.xml:41:21-37
189                    android:scheme="recaptcha" />
189-->[com.google.firebase:firebase-auth:20.0.1] AndroidManifest.xml:42:21-48
190            </intent-filter>
191        </activity>
192
193        <service
193-->[com.google.firebase:firebase-auth:20.0.1] AndroidManifest.xml:64:9-73:19
194            android:name="com.google.firebase.auth.api.fallback.service.FirebaseAuthFallbackService"
194-->[com.google.firebase:firebase-auth:20.0.1] AndroidManifest.xml:65:13-101
195            android:enabled="true"
195-->[com.google.firebase:firebase-auth:20.0.1] AndroidManifest.xml:66:13-35
196            android:exported="false" >
196-->[com.google.firebase:firebase-auth:20.0.1] AndroidManifest.xml:67:13-37
197            <intent-filter>
197-->[com.google.firebase:firebase-auth:20.0.1] AndroidManifest.xml:68:13-72:29
198                <action android:name="com.google.firebase.auth.api.gms.service.START" />
198-->[com.google.firebase:firebase-auth:20.0.1] AndroidManifest.xml:69:17-89
198-->[com.google.firebase:firebase-auth:20.0.1] AndroidManifest.xml:69:25-86
199
200                <category android:name="android.intent.category.DEFAULT" />
200-->src\main\AndroidManifest.xml:36:17-76
200-->src\main\AndroidManifest.xml:36:27-73
201            </intent-filter>
202        </service>
203        <service
203-->[com.google.firebase:firebase-auth:20.0.1] AndroidManifest.xml:74:9-80:19
204            android:name="com.google.firebase.components.ComponentDiscoveryService"
204-->[com.google.firebase:firebase-auth:20.0.1] AndroidManifest.xml:75:13-84
205            android:directBootAware="true"
205-->[com.google.firebase:firebase-common:19.5.0] AndroidManifest.xml:35:13-43
206            android:exported="false" >
206-->[com.google.firebase:firebase-auth:20.0.1] AndroidManifest.xml:76:13-37
207            <meta-data
207-->[com.google.firebase:firebase-auth:20.0.1] AndroidManifest.xml:77:13-79:85
208                android:name="com.google.firebase.components:com.google.firebase.auth.FirebaseAuthRegistrar"
208-->[com.google.firebase:firebase-auth:20.0.1] AndroidManifest.xml:78:17-109
209                android:value="com.google.firebase.components.ComponentRegistrar" />
209-->[com.google.firebase:firebase-auth:20.0.1] AndroidManifest.xml:79:17-82
210            <meta-data
210-->[com.google.firebase:firebase-messaging:21.0.1] AndroidManifest.xml:39:13-41:85
211                android:name="com.google.firebase.components:com.google.firebase.messaging.FirebaseMessagingRegistrar"
211-->[com.google.firebase:firebase-messaging:21.0.1] AndroidManifest.xml:40:17-119
212                android:value="com.google.firebase.components.ComponentRegistrar" />
212-->[com.google.firebase:firebase-messaging:21.0.1] AndroidManifest.xml:41:17-82
213            <meta-data
213-->[com.google.firebase:firebase-datatransport:17.0.10] AndroidManifest.xml:28:13-30:85
214                android:name="com.google.firebase.components:com.google.firebase.datatransport.TransportRegistrar"
214-->[com.google.firebase:firebase-datatransport:17.0.10] AndroidManifest.xml:29:17-115
215                android:value="com.google.firebase.components.ComponentRegistrar" />
215-->[com.google.firebase:firebase-datatransport:17.0.10] AndroidManifest.xml:30:17-82
216            <meta-data
216-->[com.google.firebase:firebase-iid:21.0.1] AndroidManifest.xml:32:13-34:85
217                android:name="com.google.firebase.components:com.google.firebase.iid.Registrar"
217-->[com.google.firebase:firebase-iid:21.0.1] AndroidManifest.xml:33:17-96
218                android:value="com.google.firebase.components.ComponentRegistrar" />
218-->[com.google.firebase:firebase-iid:21.0.1] AndroidManifest.xml:34:17-82
219            <meta-data
219-->[com.google.android.gms:play-services-measurement-api:18.0.0] AndroidManifest.xml:30:13-32:85
220                android:name="com.google.firebase.components:com.google.firebase.analytics.connector.internal.AnalyticsConnectorRegistrar"
220-->[com.google.android.gms:play-services-measurement-api:18.0.0] AndroidManifest.xml:31:17-139
221                android:value="com.google.firebase.components.ComponentRegistrar" />
221-->[com.google.android.gms:play-services-measurement-api:18.0.0] AndroidManifest.xml:32:17-82
222            <meta-data
222-->[com.google.firebase:firebase-installations:16.3.5] AndroidManifest.xml:18:13-20:85
223                android:name="com.google.firebase.components:com.google.firebase.installations.FirebaseInstallationsRegistrar"
223-->[com.google.firebase:firebase-installations:16.3.5] AndroidManifest.xml:19:17-127
224                android:value="com.google.firebase.components.ComponentRegistrar" />
224-->[com.google.firebase:firebase-installations:16.3.5] AndroidManifest.xml:20:17-82
225            <!--
226                This registrar is not defined in the dynamic-module-support sdk itself to allow non-firebase
227                clients to use it as well, by defining this registrar in their own core/common library.
228            -->
229            <meta-data
229-->[com.google.firebase:firebase-common:19.5.0] AndroidManifest.xml:43:13-45:85
230                android:name="com.google.firebase.components:com.google.firebase.dynamicloading.DynamicLoadingRegistrar"
230-->[com.google.firebase:firebase-common:19.5.0] AndroidManifest.xml:44:17-121
231                android:value="com.google.firebase.components.ComponentRegistrar" />
231-->[com.google.firebase:firebase-common:19.5.0] AndroidManifest.xml:45:17-82
232        </service>
233        <!--
234             FirebaseMessagingService performs security checks at runtime,
235             but set to not exported to explicitly avoid allowing another app to call it.
236        -->
237        <service
237-->[com.google.firebase:firebase-messaging:21.0.1] AndroidManifest.xml:28:9-35:19
238            android:name="com.google.firebase.messaging.FirebaseMessagingService"
238-->[com.google.firebase:firebase-messaging:21.0.1] AndroidManifest.xml:29:13-82
239            android:directBootAware="true"
239-->[com.google.firebase:firebase-messaging:21.0.1] AndroidManifest.xml:30:13-43
240            android:exported="false" >
240-->[com.google.firebase:firebase-messaging:21.0.1] AndroidManifest.xml:31:13-37
241            <intent-filter android:priority="-500" >
241-->src\main\AndroidManifest.xml:48:13-50:29
242                <action android:name="com.google.firebase.MESSAGING_EVENT" />
242-->src\main\AndroidManifest.xml:49:15-76
242-->src\main\AndroidManifest.xml:49:23-73
243            </intent-filter>
244        </service>
245        <service
245-->[com.google.android.datatransport:transport-backend-cct:2.3.3] AndroidManifest.xml:29:9-35:19
246            android:name="com.google.android.datatransport.runtime.backends.TransportBackendDiscovery"
246-->[com.google.android.datatransport:transport-backend-cct:2.3.3] AndroidManifest.xml:30:13-103
247            android:exported="false" >
247-->[com.google.android.datatransport:transport-backend-cct:2.3.3] AndroidManifest.xml:31:13-37
248            <meta-data
248-->[com.google.android.datatransport:transport-backend-cct:2.3.3] AndroidManifest.xml:32:13-34:39
249                android:name="backend:com.google.android.datatransport.cct.CctBackendFactory"
249-->[com.google.android.datatransport:transport-backend-cct:2.3.3] AndroidManifest.xml:33:17-94
250                android:value="cct" />
250-->[com.google.android.datatransport:transport-backend-cct:2.3.3] AndroidManifest.xml:34:17-36
251        </service>
252
253        <receiver
253-->[com.google.firebase:firebase-iid:21.0.1] AndroidManifest.xml:37:9-44:20
254            android:name="com.google.firebase.iid.FirebaseInstanceIdReceiver"
254-->[com.google.firebase:firebase-iid:21.0.1] AndroidManifest.xml:38:13-78
255            android:exported="true"
255-->[com.google.firebase:firebase-iid:21.0.1] AndroidManifest.xml:39:13-36
256            android:permission="com.google.android.c2dm.permission.SEND" >
256-->[com.google.firebase:firebase-iid:21.0.1] AndroidManifest.xml:40:13-73
257            <intent-filter>
257-->[:react-native-firebase_messaging] AndroidManifest.xml:29:13-31:29
258                <action android:name="com.google.android.c2dm.intent.RECEIVE" />
258-->[:react-native-firebase_messaging] AndroidManifest.xml:30:17-81
258-->[:react-native-firebase_messaging] AndroidManifest.xml:30:25-78
259            </intent-filter>
260        </receiver>
261
262        <provider
262-->[com.google.firebase:firebase-common:19.5.0] AndroidManifest.xml:26:9-31:39
263            android:name="com.google.firebase.provider.FirebaseInitProvider"
263-->[com.google.firebase:firebase-common:19.5.0] AndroidManifest.xml:27:13-77